# JRE version: OpenJDK Runtime Environment (11.0.13) (build 11.0.13+0-b1751.21-8125866)
# Java VM: OpenJDK 64-Bit Server VM (11.0.13+0-b1751.21-8125866, mixed mode, tiered, compressed oops, g1 gc, windows-amd64)
Heap:
 garbage-first heap   total 190464K, used 123482K [0x0000000081a00000, 0x0000000100000000)
  region size 1024K, 55 young (56320K), 6 survivors (6144K)
 Metaspace       used 85416K, capacity 86254K, committed 86480K, reserved 1126400K
  class space    used 9218K, capacity 9577K, committed 9724K, reserved 1048576K
GC Heap History (20 events):
Event: 1.635 GC heap before
{Heap before GC invocations=1 (full 0):
 garbage-first heap   total 131072K, used 54383K [0x0000000081a00000, 0x0000000100000000)
  region size 1024K, 50 young (51200K), 2 survivors (2048K)
 Metaspace       used 21015K, capacity 21188K, committed 21248K, reserved 1069056K
  class space    used 2218K, capacity 2303K, committed 2304K, reserved 1048576K
}
Event: 1.651 GC heap after
{Heap after GC invocations=2 (full 0):
 garbage-first heap   total 131072K, used 10939K [0x0000000081a00000, 0x0000000100000000)
  region size 1024K, 7 young (7168K), 7 survivors (7168K)
 Metaspace       used 21015K, capacity 21188K, committed 21248K, reserved 1069056K
  class space    used 2218K, capacity 2303K, committed 2304K, reserved 1048576K
}
Event: 2.847 GC heap before
{Heap before GC invocations=3 (full 0):
 garbage-first heap   total 131072K, used 66235K [0x0000000081a00000, 0x0000000100000000)
  region size 1024K, 55 young (56320K), 7 survivors (7168K)
 Metaspace       used 31893K, capacity 32354K, committed 32636K, reserved 1077248K
  class space    used 3902K, capacity 4080K, committed 4220K, reserved 1048576K
}
Event: 2.871 GC heap after
{Heap after GC invocations=4 (full 0):
 garbage-first heap   total 131072K, used 23997K [0x0000000081a00000, 0x0000000100000000)
  region size 1024K, 7 young (7168K), 7 survivors (7168K)
 Metaspace       used 31893K, capacity 32354K, committed 32636K, reserved 1077248K
  class space    used 3902K, capacity 4080K, committed 4220K, reserved 1048576K
}
Event: 3.200 GC heap before
{Heap before GC invocations=4 (full 0):
 garbage-first heap   total 131072K, used 41405K [0x0000000081a00000, 0x0000000100000000)
  region size 1024K, 25 young (25600K), 7 survivors (7168K)
 Metaspace       used 35529K, capacity 35954K, committed 36048K, reserved 1081344K
  class space    used 4354K, capacity 4534K, committed 4604K, reserved 1048576K
}
Event: 3.212 GC heap after
{Heap after GC invocations=5 (full 0):
 garbage-first heap   total 131072K, used 26273K [0x0000000081a00000, 0x0000000100000000)
  region size 1024K, 3 young (3072K), 3 survivors (3072K)
 Metaspace       used 35529K, capacity 35954K, committed 36048K, reserved 1081344K
  class space    used 4354K, capacity 4534K, committed 4604K, reserved 1048576K
}
Event: 4.459 GC heap before
{Heap before GC invocations=6 (full 0):
 garbage-first heap   total 131072K, used 78497K [0x0000000081a00000, 0x0000000100000000)
  region size 1024K, 54 young (55296K), 3 survivors (3072K)
 Metaspace       used 46134K, capacity 46674K, committed 46928K, reserved 1091584K
  class space    used 5410K, capacity 5608K, committed 5756K, reserved 1048576K
}
Event: 4.471 GC heap after
{Heap after GC invocations=7 (full 0):
 garbage-first heap   total 157696K, used 28676K [0x0000000081a00000, 0x0000000100000000)
  region size 1024K, 7 young (7168K), 7 survivors (7168K)
 Metaspace       used 46134K, capacity 46674K, committed 46928K, reserved 1091584K
  class space    used 5410K, capacity 5608K, committed 5756K, reserved 1048576K
}
Event: 5.667 GC heap before
{Heap before GC invocations=7 (full 0):
 garbage-first heap   total 157696K, used 97284K [0x0000000081a00000, 0x0000000100000000)
  region size 1024K, 71 young (72704K), 7 survivors (7168K)
 Metaspace       used 51885K, capacity 52487K, committed 52560K, reserved 1095680K
  class space    used 5992K, capacity 6219K, committed 6268K, reserved 1048576K
}
Event: 5.689 GC heap after
{Heap after GC invocations=8 (full 0):
 garbage-first heap   total 157696K, used 37544K [0x0000000081a00000, 0x0000000100000000)
  region size 1024K, 7 young (7168K), 7 survivors (7168K)
 Metaspace       used 51885K, capacity 52487K, committed 52560K, reserved 1095680K
  class space    used 5992K, capacity 6219K, committed 6268K, reserved 1048576K
}
Event: 7.916 GC heap before
{Heap before GC invocations=8 (full 0):
 garbage-first heap   total 157696K, used 105128K [0x0000000081a00000, 0x0000000100000000)
  region size 1024K, 73 young (74752K), 7 survivors (7168K)
 Metaspace       used 56743K, capacity 57325K, committed 57680K, reserved 1099776K
  class space    used 6380K, capacity 6629K, committed 6780K, reserved 1048576K
}
Event: 7.949 GC heap after
{Heap after GC invocations=9 (full 0):
 garbage-first heap   total 157696K, used 48467K [0x0000000081a00000, 0x0000000100000000)
  region size 1024K, 10 young (10240K), 10 survivors (10240K)
 Metaspace       used 56743K, capacity 57325K, committed 57680K, reserved 1099776K
  class space    used 6380K, capacity 6629K, committed 6780K, reserved 1048576K
}
Event: 9.371 GC heap before
{Heap before GC invocations=9 (full 0):
 garbage-first heap   total 157696K, used 100691K [0x0000000081a00000, 0x0000000100000000)
  region size 1024K, 61 young (62464K), 10 survivors (10240K)
 Metaspace       used 59749K, capacity 60382K, committed 60496K, reserved 1103872K
  class space    used 6692K, capacity 6944K, committed 7036K, reserved 1048576K
}
Event: 9.407 GC heap after
{Heap after GC invocations=10 (full 0):
 garbage-first heap   total 157696K, used 53620K [0x0000000081a00000, 0x0000000100000000)
  region size 1024K, 5 young (5120K), 5 survivors (5120K)
 Metaspace       used 59749K, capacity 60382K, committed 60496K, reserved 1103872K
  class space    used 6692K, capacity 6944K, committed 7036K, reserved 1048576K
}
Event: 12.464 GC heap before
{Heap before GC invocations=11 (full 0):
 garbage-first heap   total 157696K, used 110964K [0x0000000081a00000, 0x0000000100000000)
  region size 1024K, 61 young (62464K), 5 survivors (5120K)
 Metaspace       used 66617K, capacity 67416K, committed 67792K, reserved 1110016K
  class space    used 7465K, capacity 7788K, committed 7932K, reserved 1048576K
}
Event: 12.490 GC heap after
{Heap after GC invocations=12 (full 0):
 garbage-first heap   total 190464K, used 61162K [0x0000000081a00000, 0x0000000100000000)
  region size 1024K, 7 young (7168K), 7 survivors (7168K)
 Metaspace       used 66617K, capacity 67416K, committed 67792K, reserved 1110016K
  class space    used 7465K, capacity 7788K, committed 7932K, reserved 1048576K
}
Event: 14.747 GC heap before
{Heap before GC invocations=12 (full 0):
 garbage-first heap   total 190464K, used 128746K [0x0000000081a00000, 0x0000000100000000)
  region size 1024K, 73 young (74752K), 7 survivors (7168K)
 Metaspace       used 77183K, capacity 78032K, committed 78288K, reserved 1118208K
  class space    used 8527K, capacity 8863K, committed 8956K, reserved 1048576K
}
Event: 14.779 GC heap after
{Heap after GC invocations=13 (full 0):
 garbage-first heap   total 190464K, used 68773K [0x0000000081a00000, 0x0000000100000000)
  region size 1024K, 8 young (8192K), 8 survivors (8192K)
 Metaspace       used 77183K, capacity 78032K, committed 78288K, reserved 1118208K
  class space    used 8527K, capacity 8863K, committed 8956K, reserved 1048576K
}
Event: 16.081 GC heap before
{Heap before GC invocations=13 (full 0):
 garbage-first heap   total 190464K, used 135333K [0x0000000081a00000, 0x0000000100000000)
  region size 1024K, 73 young (74752K), 8 survivors (8192K)
 Metaspace       used 81260K, capacity 82143K, committed 82256K, reserved 1122304K
  class space    used 8889K, capacity 9252K, committed 9340K, reserved 1048576K
}
Event: 16.100 GC heap after
{Heap after GC invocations=14 (full 0):
 garbage-first heap   total 190464K, used 74330K [0x0000000081a00000, 0x0000000100000000)
  region size 1024K, 6 young (6144K), 6 survivors (6144K)
 Metaspace       used 81260K, capacity 82143K, committed 82256K, reserved 1122304K
  class space    used 8889K, capacity 9252K, committed 9340K, reserved 1048576K
}

